2024-11-11T21:20:04.158Z [31merror[39m: Error connecting to MongoDB: Could not connect to any servers in your MongoDB Atlas cluster. One common reason is that you're trying to access the database from an IP that isn't whitelisted. Make sure your current IP address is on your Atlas cluster's IP whitelist: https://www.mongodb.com/docs/atlas/security-whitelist/
2024-11-11T21:21:12.537Z [31merror[39m: Error connecting to MongoDB: Could not connect to any servers in your MongoDB Atlas cluster. One common reason is that you're trying to access the database from an IP that isn't whitelisted. Make sure your current IP address is on your Atlas cluster's IP whitelist: https://www.mongodb.com/docs/atlas/security-whitelist/
2024-11-11T21:23:43.295Z [31merror[39m: Error connecting to MongoDB: Could not connect to any servers in your MongoDB Atlas cluster. One common reason is that you're trying to access the database from an IP that isn't whitelisted. Make sure your current IP address is on your Atlas cluster's IP whitelist: https://www.mongodb.com/docs/atlas/security-whitelist/
2024-11-11T21:26:47.671Z [31merror[39m: Error connecting to MongoDB: Could not connect to any servers in your MongoDB Atlas cluster. One common reason is that you're trying to access the database from an IP that isn't whitelisted. Make sure your current IP address is on your Atlas cluster's IP whitelist: https://www.mongodb.com/docs/atlas/security-whitelist/
2024-11-12T01:13:00.457Z [31merror[39m: Error connecting to MongoDB: Could not connect to any servers in your MongoDB Atlas cluster. One common reason is that you're trying to access the database from an IP that isn't whitelisted. Make sure your current IP address is on your Atlas cluster's IP whitelist: https://www.mongodb.com/docs/atlas/security-whitelist/
2024-11-12T01:16:27.738Z [31merror[39m: Error connecting to MongoDB: Could not connect to any servers in your MongoDB Atlas cluster. One common reason is that you're trying to access the database from an IP that isn't whitelisted. Make sure your current IP address is on your Atlas cluster's IP whitelist: https://www.mongodb.com/docs/atlas/security-whitelist/
2024-11-12T01:34:09.214Z [31merror[39m: Error connecting to MongoDB: Could not connect to any servers in your MongoDB Atlas cluster. One common reason is that you're trying to access the database from an IP that isn't whitelisted. Make sure your current IP address is on your Atlas cluster's IP whitelist: https://www.mongodb.com/docs/atlas/security-whitelist/
2024-11-12T08:45:27.031Z [31merror[39m: Error connecting to MongoDB: Could not connect to any servers in your MongoDB Atlas cluster. One common reason is that you're trying to access the database from an IP that isn't whitelisted. Make sure your current IP address is on your Atlas cluster's IP whitelist: https://www.mongodb.com/docs/atlas/security-whitelist/
2024-11-12T09:04:54.472Z [31merror[39m: Error connecting to MongoDB: Could not connect to any servers in your MongoDB Atlas cluster. One common reason is that you're trying to access the database from an IP that isn't whitelisted. Make sure your current IP address is on your Atlas cluster's IP whitelist: https://www.mongodb.com/docs/atlas/security-whitelist/
2024-11-12T09:05:26.956Z [31merror[39m: Error connecting to MongoDB: Could not connect to any servers in your MongoDB Atlas cluster. One common reason is that you're trying to access the database from an IP that isn't whitelisted. Make sure your current IP address is on your Atlas cluster's IP whitelist: https://www.mongodb.com/docs/atlas/security-whitelist/
2024-11-12T09:10:13.905Z [31merror[39m: Error connecting to MongoDB: Could not connect to any servers in your MongoDB Atlas cluster. One common reason is that you're trying to access the database from an IP that isn't whitelisted. Make sure your current IP address is on your Atlas cluster's IP whitelist: https://www.mongodb.com/docs/atlas/security-whitelist/
2024-11-13T11:29:11.626Z [31merror[39m: Error connecting to MongoDB: Could not connect to any servers in your MongoDB Atlas cluster. One common reason is that you're trying to access the database from an IP that isn't whitelisted. Make sure your current IP address is on your Atlas cluster's IP whitelist: https://www.mongodb.com/docs/atlas/security-whitelist/
2024-11-13T11:31:14.705Z [31merror[39m: Error connecting to MongoDB: Could not connect to any servers in your MongoDB Atlas cluster. One common reason is that you're trying to access the database from an IP that isn't whitelisted. Make sure your current IP address is on your Atlas cluster's IP whitelist: https://www.mongodb.com/docs/atlas/security-whitelist/
2024-11-13T11:33:46.817Z [31merror[39m: Error connecting to MongoDB: Could not connect to any servers in your MongoDB Atlas cluster. One common reason is that you're trying to access the database from an IP that isn't whitelisted. Make sure your current IP address is on your Atlas cluster's IP whitelist: https://www.mongodb.com/docs/atlas/security-whitelist/
2024-11-15T12:34:49.371Z [31merror[39m: Error connecting to MongoDB: Could not connect to any servers in your MongoDB Atlas cluster. One common reason is that you're trying to access the database from an IP that isn't whitelisted. Make sure your current IP address is on your Atlas cluster's IP whitelist: https://www.mongodb.com/docs/atlas/security-whitelist/
2024-11-15T12:36:18.999Z [31merror[39m: Error connecting to MongoDB: Could not connect to any servers in your MongoDB Atlas cluster. One common reason is that you're trying to access the database from an IP that isn't whitelisted. Make sure your current IP address is on your Atlas cluster's IP whitelist: https://www.mongodb.com/docs/atlas/security-whitelist/
2024-11-18T13:44:30.583Z [31merror[39m: Error connecting to MongoDB: Could not connect to any servers in your MongoDB Atlas cluster. One common reason is that you're trying to access the database from an IP that isn't whitelisted. Make sure your current IP address is on your Atlas cluster's IP whitelist: https://www.mongodb.com/docs/atlas/security-whitelist/
2024-11-18T23:06:04.098Z [31merror[39m: Error connecting to MongoDB: Could not connect to any servers in your MongoDB Atlas cluster. One common reason is that you're trying to access the database from an IP that isn't whitelisted. Make sure your current IP address is on your Atlas cluster's IP whitelist: https://www.mongodb.com/docs/atlas/security-whitelist/
2024-11-19T18:10:01.786Z [31merror[39m: Error connecting to MongoDB: Could not connect to any servers in your MongoDB Atlas cluster. One common reason is that you're trying to access the database from an IP that isn't whitelisted. Make sure your current IP address is on your Atlas cluster's IP whitelist: https://www.mongodb.com/docs/atlas/security-whitelist/
2024-11-21T22:09:46.776Z [31merror[39m: Error connecting to MongoDB: Could not connect to any servers in your MongoDB Atlas cluster. One common reason is that you're trying to access the database from an IP that isn't whitelisted. Make sure your current IP address is on your Atlas cluster's IP whitelist: https://www.mongodb.com/docs/atlas/security-whitelist/
2024-11-21T22:20:47.705Z [31merror[39m: Error connecting to MongoDB: Could not connect to any servers in your MongoDB Atlas cluster. One common reason is that you're trying to access the database from an IP that isn't whitelisted. Make sure your current IP address is on your Atlas cluster's IP whitelist: https://www.mongodb.com/docs/atlas/security-whitelist/
2024-12-01T14:27:22.155Z [31merror[39m: Error connecting to MongoDB: querySrv ETIMEOUT _mongodb._tcp.cluster0.ie7en.mongodb.net
2024-12-01T14:28:43.872Z [31merror[39m: Error connecting to MongoDB: Could not connect to any servers in your MongoDB Atlas cluster. One common reason is that you're trying to access the database from an IP that isn't whitelisted. Make sure your current IP address is on your Atlas cluster's IP whitelist: https://www.mongodb.com/docs/atlas/security-whitelist/
2024-12-01T14:43:43.083Z [31merror[39m: VALIDATION ERROR ==> 
2024-12-01T15:21:57.630Z [31merror[39m: Error connecting to MongoDB: Could not connect to any servers in your MongoDB Atlas cluster. One common reason is that you're trying to access the database from an IP that isn't whitelisted. Make sure your current IP address is on your Atlas cluster's IP whitelist: https://www.mongodb.com/docs/atlas/security-whitelist/
2024-12-01T15:26:58.716Z [31merror[39m: Error connecting to MongoDB: Could not connect to any servers in your MongoDB Atlas cluster. One common reason is that you're trying to access the database from an IP that isn't whitelisted. Make sure your current IP address is on your Atlas cluster's IP whitelist: https://www.mongodb.com/docs/atlas/security-whitelist/
2024-12-01T15:30:45.202Z [31merror[39m: Error connecting to MongoDB: Could not connect to any servers in your MongoDB Atlas cluster. One common reason is that you're trying to access the database from an IP that isn't whitelisted. Make sure your current IP address is on your Atlas cluster's IP whitelist: https://www.mongodb.com/docs/atlas/security-whitelist/
2024-12-01T15:31:02.353Z [31merror[39m: VALIDATION ERROR ==> 
2024-12-01T15:31:23.197Z [31merror[39m: Internal Error -->  Operation `users.findOne()` buffering timed out after 10000ms
2024-12-01T15:31:33.898Z [31merror[39m: Error connecting to MongoDB: Could not connect to any servers in your MongoDB Atlas cluster. One common reason is that you're trying to access the database from an IP that isn't whitelisted. Make sure your current IP address is on your Atlas cluster's IP whitelist: https://www.mongodb.com/docs/atlas/security-whitelist/
2024-12-01T19:16:27.772Z [31merror[39m: Error connecting to MongoDB: querySrv ETIMEOUT _mongodb._tcp.cluster0.ie7en.mongodb.net
2024-12-01T19:41:44.040Z [31merror[39m: Error connecting to MongoDB: Could not connect to any servers in your MongoDB Atlas cluster. One common reason is that you're trying to access the database from an IP that isn't whitelisted. Make sure your current IP address is on your Atlas cluster's IP whitelist: https://www.mongodb.com/docs/atlas/security-whitelist/
2024-12-01T19:42:57.260Z [31merror[39m: Error connecting to MongoDB: Could not connect to any servers in your MongoDB Atlas cluster. One common reason is that you're trying to access the database from an IP that isn't whitelisted. Make sure your current IP address is on your Atlas cluster's IP whitelist: https://www.mongodb.com/docs/atlas/security-whitelist/
2024-12-01T19:44:53.757Z [31merror[39m: VALIDATION ERROR ==> 
2024-12-01T19:45:01.399Z [31merror[39m: Internal Error -->  Expected double-quoted property name in JSON at position 73
2024-12-01T19:45:07.815Z [31merror[39m: HANDLED ERROR ==>  Invalid credentials
2024-12-01T20:11:47.539Z [31merror[39m: VALIDATION ERROR ==> 
2024-12-01T20:11:53.850Z [31merror[39m: Internal Error -->  Expected double-quoted property name in JSON at position 73
2024-12-01T20:11:59.238Z [31merror[39m: HANDLED ERROR ==>  User not found
2024-12-01T20:12:56.476Z [31merror[39m: Internal Error -->  Operation `users.findOne()` buffering timed out after 10000ms
2024-12-01T20:13:11.453Z [31merror[39m: HANDLED ERROR ==>  User not found
2024-12-01T20:18:14.245Z [31merror[39m: Internal Error -->  Operation `users.findOne()` buffering timed out after 10000ms
2024-12-01T20:18:49.572Z [31merror[39m: HANDLED ERROR ==>  User not found
2024-12-01T20:19:13.866Z [31merror[39m: Internal Error -->  Operation `users.findOne()` buffering timed out after 10000ms
2024-12-01T20:32:09.229Z [31merror[39m: Internal Error -->  Operation `users.findOne()` buffering timed out after 10000ms
2024-12-01T20:55:01.379Z [31merror[39m: Internal Error -->  Operation `users.findOne()` buffering timed out after 10000ms
2024-12-02T12:05:54.988Z [31merror[39m: Error connecting to MongoDB: Could not connect to any servers in your MongoDB Atlas cluster. One common reason is that you're trying to access the database from an IP that isn't whitelisted. Make sure your current IP address is on your Atlas cluster's IP whitelist: https://www.mongodb.com/docs/atlas/security-whitelist/
2024-12-09T19:00:29.863Z [31merror[39m: Error connecting to MongoDB: Could not connect to any servers in your MongoDB Atlas cluster. One common reason is that you're trying to access the database from an IP that isn't whitelisted. Make sure your current IP address is on your Atlas cluster's IP whitelist: https://www.mongodb.com/docs/atlas/security-whitelist/
2024-12-09T19:02:00.009Z [31merror[39m: Error connecting to MongoDB: Could not connect to any servers in your MongoDB Atlas cluster. One common reason is that you're trying to access the database from an IP that isn't whitelisted. Make sure your current IP address is on your Atlas cluster's IP whitelist: https://www.mongodb.com/docs/atlas/security-whitelist/
2024-12-10T12:42:23.463Z [31merror[39m: Error connecting to MongoDB: Could not connect to any servers in your MongoDB Atlas cluster. One common reason is that you're trying to access the database from an IP that isn't whitelisted. Make sure your current IP address is on your Atlas cluster's IP whitelist: https://www.mongodb.com/docs/atlas/security-whitelist/
2024-12-10T13:28:59.441Z [31merror[39m: HANDLED ERROR ==>  Not authenticated. Session does not exist
2024-12-10T13:30:41.606Z [31merror[39m: HANDLED ERROR ==>  Session has expired, please log in again.
2024-12-10T13:31:45.512Z [31merror[39m: HANDLED ERROR ==>  You are not authorized to perform this action
2024-12-10T13:32:00.821Z [31merror[39m: HANDLED ERROR ==>  You are not authorized to perform this action
2024-12-10T13:32:56.419Z [31merror[39m: Internal Error -->  Cannot read properties of undefined (reading 'role')
2024-12-10T13:33:00.542Z [31merror[39m: Internal Error -->  Cannot read properties of undefined (reading 'role')
2024-12-10T13:33:17.419Z [31merror[39m: HANDLED ERROR ==>  You are not authorized to perform this action
2024-12-10T13:33:21.348Z [31merror[39m: HANDLED ERROR ==>  You are not authorized to perform this action
2024-12-10T13:33:57.179Z [31merror[39m: HANDLED ERROR ==>  You are not authorized to perform this action
2024-12-10T13:45:01.377Z [31merror[39m: HANDLED ERROR ==>  You are not authorized to perform this action
2024-12-10T13:45:04.591Z [31merror[39m: HANDLED ERROR ==>  You are not authorized to perform this action
2024-12-10T16:18:18.214Z [31merror[39m: HANDLED ERROR ==>  Session has expired, please log in again.
2024-12-10T16:18:19.648Z [31merror[39m: HANDLED ERROR ==>  Session has expired, please log in again.
2024-12-10T16:18:20.675Z [31merror[39m: HANDLED ERROR ==>  Session has expired, please log in again.
2024-12-10T16:18:38.436Z [31merror[39m: HANDLED ERROR ==>  Session has expired, please log in again.
2024-12-10T16:18:40.039Z [31merror[39m: HANDLED ERROR ==>  Session has expired, please log in again.
2024-12-10T16:18:53.906Z [31merror[39m: Internal Error -->  Operation `users.findOne()` buffering timed out after 10000ms
2024-12-10T17:28:13.250Z [31merror[39m: Error connecting to MongoDB: Could not connect to any servers in your MongoDB Atlas cluster. One common reason is that you're trying to access the database from an IP that isn't whitelisted. Make sure your current IP address is on your Atlas cluster's IP whitelist: https://www.mongodb.com/docs/atlas/security-whitelist/
2024-12-10T17:29:11.140Z [31merror[39m: Internal Error -->  Operation `users.findOne()` buffering timed out after 10000ms
2024-12-10T17:29:27.208Z [31merror[39m: Error connecting to MongoDB: Could not connect to any servers in your MongoDB Atlas cluster. One common reason is that you're trying to access the database from an IP that isn't whitelisted. Make sure your current IP address is on your Atlas cluster's IP whitelist: https://www.mongodb.com/docs/atlas/security-whitelist/
2024-12-10T17:30:12.116Z [31merror[39m: Error connecting to MongoDB: Could not connect to any servers in your MongoDB Atlas cluster. One common reason is that you're trying to access the database from an IP that isn't whitelisted. Make sure your current IP address is on your Atlas cluster's IP whitelist: https://www.mongodb.com/docs/atlas/security-whitelist/
2024-12-10T17:54:16.231Z [31merror[39m: HANDLED ERROR ==>  You are not authorized to perform this action
2024-12-10T17:54:17.707Z [31merror[39m: HANDLED ERROR ==>  You are not authorized to perform this action
2024-12-10T18:30:07.750Z [31merror[39m: HANDLED ERROR ==>  You are not authorized to perform this action
2024-12-10T18:31:03.995Z [31merror[39m: HANDLED ERROR ==>  You are not authorized to perform this action
2024-12-10T19:05:54.917Z [31merror[39m: HANDLED ERROR ==>  You are not authorized to perform this action
2024-12-10T21:02:10.072Z [31merror[39m: HANDLED ERROR ==>  You are not authorized to perform this action
2024-12-10T21:06:46.800Z [31merror[39m: HANDLED ERROR ==>  User not found
2024-12-10T21:12:17.820Z [31merror[39m: HANDLED ERROR ==>  User not found
2024-12-10T21:17:18.704Z [31merror[39m: VALIDATION ERROR ==> 
2024-12-10T21:17:46.563Z [31merror[39m: Internal Error -->  read ECONNRESET
2024-12-10T21:19:12.848Z [31merror[39m: HANDLED ERROR ==>  User not found
2024-12-10T21:19:18.636Z [31merror[39m: HANDLED ERROR ==>  User not found
2025-01-06T07:28:45.791Z [31merror[39m: Error connecting to MongoDB: Could not connect to any servers in your MongoDB Atlas cluster. One common reason is that you're trying to access the database from an IP that isn't whitelisted. Make sure your current IP address is on your Atlas cluster's IP whitelist: https://www.mongodb.com/docs/atlas/security-whitelist/
2025-02-06T11:53:22.602Z [31merror[39m: Error connecting to MongoDB: Could not connect to any servers in your MongoDB Atlas cluster. One common reason is that you're trying to access the database from an IP that isn't whitelisted. Make sure your current IP address is on your Atlas cluster's IP whitelist: https://www.mongodb.com/docs/atlas/security-whitelist/
2025-02-14T22:01:27.755Z [31merror[39m: Error connecting to MongoDB: Could not connect to any servers in your MongoDB Atlas cluster. One common reason is that you're trying to access the database from an IP that isn't whitelisted. Make sure your current IP address is on your Atlas cluster's IP whitelist: https://www.mongodb.com/docs/atlas/security-whitelist/
2025-02-25T23:56:08.293Z [31merror[39m: Error connecting to MongoDB: Could not connect to any servers in your MongoDB Atlas cluster. One common reason is that you're trying to access the database from an IP that isn't whitelisted. Make sure your current IP address is on your Atlas cluster's IP whitelist: https://www.mongodb.com/docs/atlas/security-whitelist/
2025-02-26T00:11:25.700Z [31merror[39m: Internal Error -->  User with email or username already exists
2025-02-26T00:13:57.019Z [31merror[39m: HANDLED ERROR ==>  User with email or username already exists
2025-02-26T00:14:32.661Z [31merror[39m: HANDLED ERROR ==>  User not found
2025-02-26T00:15:03.411Z [31merror[39m: Internal Error -->  User validation failed: password: Path `password` is required., email: Path `email` is required., username: Path `username` is required.
2025-02-26T00:18:32.129Z [31merror[39m: HANDLED ERROR ==>  User with email or username already exists
2025-02-26T00:18:47.536Z [31merror[39m: Internal Error -->  User validation failed: password: Path `password` is required., email: Path `email` is required., username: Path `username` is required.
2025-02-26T00:19:42.565Z [31merror[39m: Internal Error -->  User validation failed: password: Path `password` is required., email: Path `email` is required., username: Path `username` is required.
2025-02-26T00:19:52.951Z [31merror[39m: Internal Error -->  User validation failed: password: Path `password` is required., email: Path `email` is required., username: Path `username` is required.
2025-02-26T00:21:48.584Z [31merror[39m: Internal Error -->  User validation failed: password: Path `password` is required., email: Path `email` is required., username: Path `username` is required.
2025-02-26T00:25:12.143Z [31merror[39m: HANDLED ERROR ==>  User not found
2025-02-26T00:25:13.753Z [31merror[39m: HANDLED ERROR ==>  User not found
2025-02-26T00:27:23.254Z [31merror[39m: HANDLED ERROR ==>  Session has expired, please log in again.
2025-02-26T00:28:20.562Z [31merror[39m: HANDLED ERROR ==>  You are not authorized to perform this action
2025-02-26T00:34:29.044Z [31merror[39m: HANDLED ERROR ==>  You are not authorized to perform this action
2025-02-26T00:34:30.764Z [31merror[39m: HANDLED ERROR ==>  You are not authorized to perform this action
2025-02-26T00:38:50.632Z [31merror[39m: HANDLED ERROR ==>  You are not authorized to perform this action
2025-02-26T00:38:56.090Z [31merror[39m: HANDLED ERROR ==>  You are not authorized to perform this action
2025-02-26T00:40:00.626Z [31merror[39m: HANDLED ERROR ==>  User with email or username already exists
2025-02-26T00:41:18.987Z [31merror[39m: HANDLED ERROR ==>  You are not authorized to perform this action
2025-02-26T00:41:20.628Z [31merror[39m: HANDLED ERROR ==>  You are not authorized to perform this action
2025-02-26T00:41:21.992Z [31merror[39m: HANDLED ERROR ==>  You are not authorized to perform this action
2025-02-26T00:41:26.855Z [31merror[39m: HANDLED ERROR ==>  You are not authorized to perform this action
2025-02-26T00:41:50.575Z [31merror[39m: HANDLED ERROR ==>  You are not authorized to perform this action
2025-02-26T00:42:40.036Z [31merror[39m: HANDLED ERROR ==>  You are not authorized to perform this action
2025-02-26T00:42:43.525Z [31merror[39m: HANDLED ERROR ==>  You are not authorized to perform this action
2025-02-26T00:43:26.624Z [31merror[39m: HANDLED ERROR ==>  You are not authorized to perform this action
2025-02-26T00:43:51.834Z [31merror[39m: HANDLED ERROR ==>  You are not authorized to perform this action
2025-02-26T00:43:53.443Z [31merror[39m: HANDLED ERROR ==>  You are not authorized to perform this action
2025-02-26T00:43:59.971Z [31merror[39m: HANDLED ERROR ==>  You are not authorized to perform this action
2025-02-26T00:44:01.479Z [31merror[39m: HANDLED ERROR ==>  You are not authorized to perform this action
2025-02-26T00:44:36.262Z [31merror[39m: HANDLED ERROR ==>  You are not authorized to perform this action
2025-02-26T00:44:37.699Z [31merror[39m: HANDLED ERROR ==>  You are not authorized to perform this action
2025-02-26T00:45:45.831Z [31merror[39m: HANDLED ERROR ==>  You are not authorized to perform this action
2025-02-26T00:45:48.690Z [31merror[39m: HANDLED ERROR ==>  You are not authorized to perform this action
2025-02-26T00:46:29.361Z [31merror[39m: HANDLED ERROR ==>  You are not authorized to perform this action
2025-02-26T00:46:39.151Z [31merror[39m: HANDLED ERROR ==>  You are not authorized to perform this action
2025-02-26T00:47:21.659Z [31merror[39m: HANDLED ERROR ==>  You are not authorized to perform this action
2025-02-26T01:10:53.929Z [31merror[39m: HANDLED ERROR ==>  You are not authorized to perform this action
2025-02-26T01:12:09.335Z [31merror[39m: HANDLED ERROR ==>  You are not authorized to perform this action
2025-02-26T01:12:11.004Z [31merror[39m: HANDLED ERROR ==>  You are not authorized to perform this action
2025-02-26T01:12:40.334Z [31merror[39m: HANDLED ERROR ==>  You are not authorized to perform this action
2025-02-26T01:12:41.618Z [31merror[39m: HANDLED ERROR ==>  You are not authorized to perform this action
2025-02-26T01:14:16.817Z [31merror[39m: HANDLED ERROR ==>  You are not authorized to perform this action
2025-02-26T01:14:18.170Z [31merror[39m: HANDLED ERROR ==>  You are not authorized to perform this action
2025-02-26T01:18:06.640Z [31merror[39m: HANDLED ERROR ==>  User not found
2025-02-26T01:54:27.679Z [31merror[39m: Internal Error -->  Operation `users.findOne()` buffering timed out after 10000ms
2025-02-26T01:55:04.700Z [31merror[39m: Internal Error -->  Operation `users.findOne()` buffering timed out after 10000ms
2025-02-26T01:56:31.033Z [31merror[39m: Internal Error -->  Operation `users.findOne()` buffering timed out after 10000ms
2025-02-26T11:12:49.052Z [31merror[39m: Error connecting to MongoDB: Could not connect to any servers in your MongoDB Atlas cluster. One common reason is that you're trying to access the database from an IP that isn't whitelisted. Make sure your current IP address is on your Atlas cluster's IP whitelist: https://www.mongodb.com/docs/atlas/security-whitelist/
2025-02-26T11:14:17.847Z [31merror[39m: Error connecting to MongoDB: Could not connect to any servers in your MongoDB Atlas cluster. One common reason is that you're trying to access the database from an IP that isn't whitelisted. Make sure your current IP address is on your Atlas cluster's IP whitelist: https://www.mongodb.com/docs/atlas/security-whitelist/
2025-02-26T11:17:54.681Z [31merror[39m: Error connecting to MongoDB: Could not connect to any servers in your MongoDB Atlas cluster. One common reason is that you're trying to access the database from an IP that isn't whitelisted. Make sure your current IP address is on your Atlas cluster's IP whitelist: https://www.mongodb.com/docs/atlas/security-whitelist/
